<?xml version="1.0" encoding="UTF-8"?>
<!-- Generated by org.testng.reporters.JUnitXMLReporter -->
<testsuite hostname="walia" ignored="0" name="Default test" tests="11" failures="0" timestamp="18 Aug 2019 20:39:55 GMT" time="224.07" errors="0">
  <testcase name="forgotPasswordBackToLoginButton" time="2.65" classname="uiTesting.testRegisteredUsers"/>
  <testcase name="nonRegisteredUserValidPassword" time="2.036" classname="uiTesting.testRegisteredUsers"/>
  <testcase name="emailValidation" time="1.762" classname="uiTesting.testRegisteredUsers"/>
  <testcase name="nonRegisteredUserInvalidPassword" time="1.85" classname="uiTesting.testRegisteredUsers"/>
  <testcase name="registeredUserInvalidPassword" time="1.684" classname="uiTesting.testRegisteredUsers"/>
  <testcase name="blankUsernameBlankPassword" time="1.409" classname="uiTesting.testRegisteredUsers"/>
  <testcase name="forgotPasswordPageNavigation" time="1.429" classname="uiTesting.testRegisteredUsers"/>
  <testcase name="forgotPasswordValidRegisteredUser" time="3.09" classname="uiTesting.testRegisteredUsers"/>
  <testcase name="forgotPasswordUnregisteredUser" time="2.898" classname="uiTesting.testRegisteredUsers"/>
  <testcase name="forgotPasswordInvalidEmail" time="2.858" classname="uiTesting.testRegisteredUsers"/>
  <testcase name="validRegistereduserValidPassword" time="2.255" classname="uiTesting.testRegisteredUsers"/>
</testsuite> <!-- Default test -->
