<?xml version="1.0" encoding="UTF-8"?>
<!-- Generated by org.testng.reporters.JUnitXMLReporter -->
<testsuite hostname="walia" ignored="0" name="Default test" tests="11" failures="0" timestamp="18 Aug 2019 21:15:04 GMT" time="240.304" errors="0">
  <testcase name="validRegistereduserValidPassword" time="2.121" classname="uiTesting.testRegisteredUsers"/>
  <testcase name="nonRegisteredUserValidPassword" time="2.056" classname="uiTesting.testRegisteredUsers"/>
  <testcase name="emailValidation" time="1.877" classname="uiTesting.testRegisteredUsers"/>
  <testcase name="nonRegisteredUserInvalidPassword" time="1.728" classname="uiTesting.testRegisteredUsers"/>
  <testcase name="registeredUserInvalidPassword" time="1.932" classname="uiTesting.testRegisteredUsers"/>
  <testcase name="blankUsernameBlankPassword" time="1.503" classname="uiTesting.testRegisteredUsers"/>
  <testcase name="forgotPasswordPageNavigation" time="1.457" classname="uiTesting.testRegisteredUsers"/>
  <testcase name="forgotPasswordValidRegisteredUser" time="2.86" classname="uiTesting.testRegisteredUsers"/>
  <testcase name="forgotPasswordUnregisteredUser" time="2.897" classname="uiTesting.testRegisteredUsers"/>
  <testcase name="forgotPasswordInvalidEmail" time="2.843" classname="uiTesting.testRegisteredUsers"/>
  <testcase name="forgotPasswordBackToLoginButton" time="2.776" classname="uiTesting.testRegisteredUsers"/>
</testsuite> <!-- Default test -->
