<?xml version="1.0" encoding="UTF-8"?>
<testng-results skipped="0" failed="0" ignored="0" total="11" passed="11">
  <reporter-output>
  </reporter-output>
  <suite name="Default suite" duration-ms="240304" started-at="2019-08-18T21:11:04Z" finished-at="2019-08-18T21:15:04Z">
    <groups>
    </groups>
    <test name="Default test" duration-ms="240304" started-at="2019-08-18T21:11:04Z" finished-at="2019-08-18T21:15:04Z">
      <class name="uiTesting.testRegisteredUsers">
        <test-method status="PASS" signature="launchBrowser()[pri:0, instance:uiTesting.testRegisteredUsers@4501b7af]" name="launchBrowser" is-config="true" duration-ms="21027" started-at="2019-08-18T21:11:04Z" finished-at="2019-08-18T21:11:25Z">
          <reporter-output>
          </reporter-output>
        </test-method> <!-- launchBrowser -->
        <test-method status="PASS" signature="validRegistereduserValidPassword()[pri:1, instance:uiTesting.testRegisteredUsers@4501b7af]" name="validRegistereduserValidPassword" duration-ms="2121" started-at="2019-08-18T21:11:25Z" finished-at="2019-08-18T21:11:27Z">
          <reporter-output>
          </reporter-output>
        </test-method> <!-- validRegistereduserValidPassword -->
        <test-method status="PASS" signature="tearDown()[pri:0, instance:uiTesting.testRegisteredUsers@4501b7af]" name="tearDown" is-config="true" duration-ms="3469" started-at="2019-08-18T21:11:27Z" finished-at="2019-08-18T21:11:30Z">
          <reporter-output>
          </reporter-output>
        </test-method> <!-- tearDown -->
        <test-method status="PASS" signature="launchBrowser()[pri:0, instance:uiTesting.testRegisteredUsers@4501b7af]" name="launchBrowser" is-config="true" duration-ms="15723" started-at="2019-08-18T21:11:30Z" finished-at="2019-08-18T21:11:46Z">
          <reporter-output>
          </reporter-output>
        </test-method> <!-- launchBrowser -->
        <test-method status="PASS" signature="nonRegisteredUserValidPassword()[pri:2, instance:uiTesting.testRegisteredUsers@4501b7af]" name="nonRegisteredUserValidPassword" duration-ms="2056" started-at="2019-08-18T21:11:46Z" finished-at="2019-08-18T21:11:48Z">
          <reporter-output>
          </reporter-output>
        </test-method> <!-- nonRegisteredUserValidPassword -->
        <test-method status="PASS" signature="tearDown()[pri:0, instance:uiTesting.testRegisteredUsers@4501b7af]" name="tearDown" is-config="true" duration-ms="3471" started-at="2019-08-18T21:11:48Z" finished-at="2019-08-18T21:11:52Z">
          <reporter-output>
          </reporter-output>
        </test-method> <!-- tearDown -->
        <test-method status="PASS" signature="launchBrowser()[pri:0, instance:uiTesting.testRegisteredUsers@4501b7af]" name="launchBrowser" is-config="true" duration-ms="17486" started-at="2019-08-18T21:11:52Z" finished-at="2019-08-18T21:12:09Z">
          <reporter-output>
          </reporter-output>
        </test-method> <!-- launchBrowser -->
        <test-method status="PASS" signature="emailValidation()[pri:3, instance:uiTesting.testRegisteredUsers@4501b7af]" name="emailValidation" duration-ms="1877" started-at="2019-08-18T21:12:09Z" finished-at="2019-08-18T21:12:11Z">
          <reporter-output>
          </reporter-output>
        </test-method> <!-- emailValidation -->
        <test-method status="PASS" signature="tearDown()[pri:0, instance:uiTesting.testRegisteredUsers@4501b7af]" name="tearDown" is-config="true" duration-ms="3686" started-at="2019-08-18T21:12:11Z" finished-at="2019-08-18T21:12:15Z">
          <reporter-output>
          </reporter-output>
        </test-method> <!-- tearDown -->
        <test-method status="PASS" signature="launchBrowser()[pri:0, instance:uiTesting.testRegisteredUsers@4501b7af]" name="launchBrowser" is-config="true" duration-ms="15025" started-at="2019-08-18T21:12:15Z" finished-at="2019-08-18T21:12:30Z">
          <reporter-output>
          </reporter-output>
        </test-method> <!-- launchBrowser -->
        <test-method status="PASS" signature="nonRegisteredUserInvalidPassword()[pri:4, instance:uiTesting.testRegisteredUsers@4501b7af]" name="nonRegisteredUserInvalidPassword" duration-ms="1728" started-at="2019-08-18T21:12:30Z" finished-at="2019-08-18T21:12:31Z">
          <reporter-output>
          </reporter-output>
        </test-method> <!-- nonRegisteredUserInvalidPassword -->
        <test-method status="PASS" signature="tearDown()[pri:0, instance:uiTesting.testRegisteredUsers@4501b7af]" name="tearDown" is-config="true" duration-ms="3413" started-at="2019-08-18T21:12:31Z" finished-at="2019-08-18T21:12:35Z">
          <reporter-output>
          </reporter-output>
        </test-method> <!-- tearDown -->
        <test-method status="PASS" signature="launchBrowser()[pri:0, instance:uiTesting.testRegisteredUsers@4501b7af]" name="launchBrowser" is-config="true" duration-ms="15367" started-at="2019-08-18T21:12:35Z" finished-at="2019-08-18T21:12:50Z">
          <reporter-output>
          </reporter-output>
        </test-method> <!-- launchBrowser -->
        <test-method status="PASS" signature="registeredUserInvalidPassword()[pri:5, instance:uiTesting.testRegisteredUsers@4501b7af]" name="registeredUserInvalidPassword" duration-ms="1932" started-at="2019-08-18T21:12:50Z" finished-at="2019-08-18T21:12:52Z">
          <reporter-output>
          </reporter-output>
        </test-method> <!-- registeredUserInvalidPassword -->
        <test-method status="PASS" signature="tearDown()[pri:0, instance:uiTesting.testRegisteredUsers@4501b7af]" name="tearDown" is-config="true" duration-ms="3488" started-at="2019-08-18T21:12:52Z" finished-at="2019-08-18T21:12:56Z">
          <reporter-output>
          </reporter-output>
        </test-method> <!-- tearDown -->
        <test-method status="PASS" signature="launchBrowser()[pri:0, instance:uiTesting.testRegisteredUsers@4501b7af]" name="launchBrowser" is-config="true" duration-ms="14789" started-at="2019-08-18T21:12:56Z" finished-at="2019-08-18T21:13:10Z">
          <reporter-output>
          </reporter-output>
        </test-method> <!-- launchBrowser -->
        <test-method status="PASS" signature="blankUsernameBlankPassword()[pri:6, instance:uiTesting.testRegisteredUsers@4501b7af]" name="blankUsernameBlankPassword" duration-ms="1503" started-at="2019-08-18T21:13:10Z" finished-at="2019-08-18T21:13:12Z">
          <reporter-output>
          </reporter-output>
        </test-method> <!-- blankUsernameBlankPassword -->
        <test-method status="PASS" signature="tearDown()[pri:0, instance:uiTesting.testRegisteredUsers@4501b7af]" name="tearDown" is-config="true" duration-ms="3665" started-at="2019-08-18T21:13:12Z" finished-at="2019-08-18T21:13:16Z">
          <reporter-output>
          </reporter-output>
        </test-method> <!-- tearDown -->
        <test-method status="PASS" signature="launchBrowser()[pri:0, instance:uiTesting.testRegisteredUsers@4501b7af]" name="launchBrowser" is-config="true" duration-ms="14482" started-at="2019-08-18T21:13:16Z" finished-at="2019-08-18T21:13:30Z">
          <reporter-output>
          </reporter-output>
        </test-method> <!-- launchBrowser -->
        <test-method status="PASS" signature="forgotPasswordPageNavigation()[pri:7, instance:uiTesting.testRegisteredUsers@4501b7af]" name="forgotPasswordPageNavigation" duration-ms="1457" started-at="2019-08-18T21:13:30Z" finished-at="2019-08-18T21:13:32Z">
          <reporter-output>
          </reporter-output>
        </test-method> <!-- forgotPasswordPageNavigation -->
        <test-method status="PASS" signature="tearDown()[pri:0, instance:uiTesting.testRegisteredUsers@4501b7af]" name="tearDown" is-config="true" duration-ms="3851" started-at="2019-08-18T21:13:32Z" finished-at="2019-08-18T21:13:35Z">
          <reporter-output>
          </reporter-output>
        </test-method> <!-- tearDown -->
        <test-method status="PASS" signature="launchBrowser()[pri:0, instance:uiTesting.testRegisteredUsers@4501b7af]" name="launchBrowser" is-config="true" duration-ms="16110" started-at="2019-08-18T21:13:35Z" finished-at="2019-08-18T21:13:51Z">
          <reporter-output>
          </reporter-output>
        </test-method> <!-- launchBrowser -->
        <test-method status="PASS" signature="forgotPasswordValidRegisteredUser()[pri:8, instance:uiTesting.testRegisteredUsers@4501b7af]" name="forgotPasswordValidRegisteredUser" duration-ms="2860" started-at="2019-08-18T21:13:51Z" finished-at="2019-08-18T21:13:54Z">
          <reporter-output>
          </reporter-output>
        </test-method> <!-- forgotPasswordValidRegisteredUser -->
        <test-method status="PASS" signature="tearDown()[pri:0, instance:uiTesting.testRegisteredUsers@4501b7af]" name="tearDown" is-config="true" duration-ms="3479" started-at="2019-08-18T21:13:54Z" finished-at="2019-08-18T21:13:58Z">
          <reporter-output>
          </reporter-output>
        </test-method> <!-- tearDown -->
        <test-method status="PASS" signature="launchBrowser()[pri:0, instance:uiTesting.testRegisteredUsers@4501b7af]" name="launchBrowser" is-config="true" duration-ms="16916" started-at="2019-08-18T21:13:58Z" finished-at="2019-08-18T21:14:15Z">
          <reporter-output>
          </reporter-output>
        </test-method> <!-- launchBrowser -->
        <test-method status="PASS" signature="forgotPasswordUnregisteredUser()[pri:9, instance:uiTesting.testRegisteredUsers@4501b7af]" name="forgotPasswordUnregisteredUser" duration-ms="2897" started-at="2019-08-18T21:14:15Z" finished-at="2019-08-18T21:14:18Z">
          <reporter-output>
          </reporter-output>
        </test-method> <!-- forgotPasswordUnregisteredUser -->
        <test-method status="PASS" signature="tearDown()[pri:0, instance:uiTesting.testRegisteredUsers@4501b7af]" name="tearDown" is-config="true" duration-ms="3413" started-at="2019-08-18T21:14:18Z" finished-at="2019-08-18T21:14:21Z">
          <reporter-output>
          </reporter-output>
        </test-method> <!-- tearDown -->
        <test-method status="PASS" signature="launchBrowser()[pri:0, instance:uiTesting.testRegisteredUsers@4501b7af]" name="launchBrowser" is-config="true" duration-ms="14757" started-at="2019-08-18T21:14:21Z" finished-at="2019-08-18T21:14:36Z">
          <reporter-output>
          </reporter-output>
        </test-method> <!-- launchBrowser -->
        <test-method status="PASS" signature="forgotPasswordInvalidEmail()[pri:10, instance:uiTesting.testRegisteredUsers@4501b7af]" name="forgotPasswordInvalidEmail" duration-ms="2843" started-at="2019-08-18T21:14:36Z" finished-at="2019-08-18T21:14:39Z">
          <reporter-output>
          </reporter-output>
        </test-method> <!-- forgotPasswordInvalidEmail -->
        <test-method status="PASS" signature="tearDown()[pri:0, instance:uiTesting.testRegisteredUsers@4501b7af]" name="tearDown" is-config="true" duration-ms="3465" started-at="2019-08-18T21:14:39Z" finished-at="2019-08-18T21:14:42Z">
          <reporter-output>
          </reporter-output>
        </test-method> <!-- tearDown -->
        <test-method status="PASS" signature="launchBrowser()[pri:0, instance:uiTesting.testRegisteredUsers@4501b7af]" name="launchBrowser" is-config="true" duration-ms="15636" started-at="2019-08-18T21:14:42Z" finished-at="2019-08-18T21:14:58Z">
          <reporter-output>
          </reporter-output>
        </test-method> <!-- launchBrowser -->
        <test-method status="PASS" signature="forgotPasswordBackToLoginButton()[pri:11, instance:uiTesting.testRegisteredUsers@4501b7af]" name="forgotPasswordBackToLoginButton" duration-ms="2776" started-at="2019-08-18T21:14:58Z" finished-at="2019-08-18T21:15:01Z">
          <reporter-output>
          </reporter-output>
        </test-method> <!-- forgotPasswordBackToLoginButton -->
        <test-method status="PASS" signature="tearDown()[pri:0, instance:uiTesting.testRegisteredUsers@4501b7af]" name="tearDown" is-config="true" duration-ms="3421" started-at="2019-08-18T21:15:01Z" finished-at="2019-08-18T21:15:04Z">
          <reporter-output>
          </reporter-output>
        </test-method> <!-- tearDown -->
      </class> <!-- uiTesting.testRegisteredUsers -->
    </test> <!-- Default test -->
  </suite> <!-- Default suite -->
</testng-results>
